{
  "stats": {
    "suites": 1,
    "tests": 13,
    "passes": 13,
    "pending": 0,
    "failures": 0,
    "start": "2022-05-22T10:20:15.513Z",
    "end": "2022-05-22T10:22:26.618Z",
    "duration": 121822,
    "testsRegistered": 13,
    "passPercent": 100,
    "pendingPercent": 0,
    "other": 0,
    "hasOther": false,
    "skipped": 0,
    "hasSkipped": false
  },
  "results": [
    {
      "uuid": "4dbf0c7f-c853-4e30-8352-192c6b94acb5",
      "title": "",
      "fullFile": "cypress/integration/testcases.js",
      "file": "cypress/integration/testcases.js",
      "beforeHooks": [],
      "afterHooks": [],
      "tests": [],
      "suites": [
        {
          "uuid": "043c8e0d-0c56-4100-8c4b-13992922a7ed",
          "title": "testcase1",
          "fullFile": "",
          "file": "",
          "beforeHooks": [],
          "afterHooks": [],
          "tests": [
            {
              "title": "visit on google",
              "fullTitle": "testcase1 visit on google",
              "timedOut": null,
              "duration": 3658,
              "state": "passed",
              "speed": "fast",
              "pass": true,
              "fail": false,
              "pending": false,
              "context": null,
              "code": "cy.visit(' https://www.google.com/');",
              "err": {},
              "uuid": "6e0fa910-a2f0-4c21-89b0-952a3e812b89",
              "parentUUID": "043c8e0d-0c56-4100-8c4b-13992922a7ed",
              "isHook": false,
              "skipped": false
            },
            {
              "title": "search",
              "fullTitle": "testcase1 search",
              "timedOut": null,
              "duration": 13643,
              "state": "passed",
              "speed": "slow",
              "pass": true,
              "fail": false,
              "pending": false,
              "context": null,
              "code": "cy.get('input[name=\"q\"]').type('Bajaj FInserv Health Limited{enter}'); // cy.get('form').submit();",
              "err": {},
              "uuid": "51a9db2d-35ec-4fbb-9671-d6d5ab6b7b29",
              "parentUUID": "043c8e0d-0c56-4100-8c4b-13992922a7ed",
              "isHook": false,
              "skipped": false
            },
            {
              "title": "open first web search",
              "fullTitle": "testcase1 open first web search",
              "timedOut": null,
              "duration": 8754,
              "state": "passed",
              "speed": "medium",
              "pass": true,
              "fail": false,
              "pending": false,
              "context": null,
              "code": "cy.get('#search a').should('have.attr', 'href', 'https://www.bajajfinservhealth.in/').contains(\"Bajaj Finserv Health - Your Personalized Healthcare Platform\").click();",
              "err": {},
              "uuid": "80c263f0-a95f-44b0-a585-a6d15459acf9",
              "parentUUID": "043c8e0d-0c56-4100-8c4b-13992922a7ed",
              "isHook": false,
              "skipped": false
            },
            {
              "title": "search doctor",
              "fullTitle": "testcase1 search doctor",
              "timedOut": null,
              "duration": 1785,
              "state": "passed",
              "speed": "fast",
              "pass": true,
              "fail": false,
              "pending": false,
              "context": null,
              "code": "cy.get('#searchBarInput').type('doctors{enter}');",
              "err": {},
              "uuid": "27845841-6cc2-4820-a6e5-6e8f2079149a",
              "parentUUID": "043c8e0d-0c56-4100-8c4b-13992922a7ed",
              "isHook": false,
              "skipped": false
            },
            {
              "title": "select first doctor",
              "fullTitle": "testcase1 select first doctor",
              "timedOut": null,
              "duration": 2717,
              "state": "passed",
              "speed": "fast",
              "pass": true,
              "fail": false,
              "pending": false,
              "context": null,
              "code": "cy.get(':nth-child(1) > .css-1p6j90k > a > .css-14hwr1e > .css-5glxer > .css-1a5hr2q').click();",
              "err": {},
              "uuid": "fa08b790-6e35-4633-80c1-d7d6a6150f89",
              "parentUUID": "043c8e0d-0c56-4100-8c4b-13992922a7ed",
              "isHook": false,
              "skipped": false
            },
            {
              "title": "click slot",
              "fullTitle": "testcase1 click slot",
              "timedOut": null,
              "duration": 1965,
              "state": "passed",
              "speed": "fast",
              "pass": true,
              "fail": false,
              "pending": false,
              "context": null,
              "code": "cy.get(':nth-child(2) > .MuiPaper-root > .MuiCardContent-root > .flex-column > :nth-child(2) > :nth-child(3) > .slotTimeContainer > :nth-child(2)').click({\n  force: true\n});",
              "err": {},
              "uuid": "2d9f1bb5-97fa-480f-9854-b570cbd66fb8",
              "parentUUID": "043c8e0d-0c56-4100-8c4b-13992922a7ed",
              "isHook": false,
              "skipped": false
            },
            {
              "title": "wait for momemt",
              "fullTitle": "testcase1 wait for momemt",
              "timedOut": null,
              "duration": 862,
              "state": "passed",
              "speed": "fast",
              "pass": true,
              "fail": false,
              "pending": false,
              "context": null,
              "code": "cy.wait(500);",
              "err": {},
              "uuid": "18079923-c289-4faa-ab9f-5111a4512fbf",
              "parentUUID": "043c8e0d-0c56-4100-8c4b-13992922a7ed",
              "isHook": false,
              "skipped": false
            }
          ],
          "suites": [],
          "passes": [
            "6e0fa910-a2f0-4c21-89b0-952a3e812b89",
            "51a9db2d-35ec-4fbb-9671-d6d5ab6b7b29",
            "80c263f0-a95f-44b0-a585-a6d15459acf9",
            "27845841-6cc2-4820-a6e5-6e8f2079149a",
            "fa08b790-6e35-4633-80c1-d7d6a6150f89",
            "2d9f1bb5-97fa-480f-9854-b570cbd66fb8",
            "18079923-c289-4faa-ab9f-5111a4512fbf"
          ],
          "failures": [],
          "pending": [],
          "skipped": [],
          "duration": 33384,
          "root": false,
          "rootEmpty": false,
          "_timeout": 2000
        },
        {
          "uuid": "f3b32753-9d32-4908-a28f-3d6b504c90d0",
          "title": "testcase2",
          "fullFile": "",
          "file": "",
          "beforeHooks": [],
          "afterHooks": [],
          "tests": [
            {
              "title": "visit on amazon",
              "fullTitle": "testcase2 visit on amazon",
              "timedOut": null,
              "duration": 9708,
              "state": "passed",
              "speed": "medium",
              "pass": true,
              "fail": false,
              "pending": false,
              "context": null,
              "code": "cy.visit('https://www.amazon.in');",
              "err": {},
              "uuid": "e5770645-9931-4d8f-bcfd-5231d460d7ca",
              "parentUUID": "f3b32753-9d32-4908-a28f-3d6b504c90d0",
              "isHook": false,
              "skipped": false
            },
            {
              "title": "login",
              "fullTitle": "testcase2 login",
              "timedOut": null,
              "duration": 7472,
              "state": "passed",
              "speed": "medium",
              "pass": true,
              "fail": false,
              "pending": false,
              "context": null,
              "code": "var username = '6239518279';\nvar password = 'sonia@123';\ncy.contains('Account & Lists').click();\ncy.get('#ap_email').type(username); // cy.get('.a-button-inner > #continue').click();\ncy.get('.auth-validate-form').submit();\ncy.get('#ap_password').type(password); // cy.get('#signInSubmit').click();\ncy.get('.auth-validate-form').submit();",
              "err": {},
              "uuid": "21cc2e57-446e-4e01-ad41-7ddedf95efec",
              "parentUUID": "f3b32753-9d32-4908-a28f-3d6b504c90d0",
              "isHook": false,
              "skipped": false
            },
            {
              "title": "dropdown",
              "fullTitle": "testcase2 dropdown",
              "timedOut": null,
              "duration": 25333,
              "state": "passed",
              "speed": "slow",
              "pass": true,
              "fail": false,
              "pending": false,
              "context": null,
              "code": "cy.get('#searchDropdownBox').select('Electronics', {\n  force: true\n});\ncy.get('#twotabsearchtextbox').type('iphone 12{enter}');",
              "err": {},
              "uuid": "a9596732-8fde-4ff4-8e74-6031c836c372",
              "parentUUID": "f3b32753-9d32-4908-a28f-3d6b504c90d0",
              "isHook": false,
              "skipped": false
            },
            {
              "title": "select first item",
              "fullTitle": "testcase2 select first item",
              "timedOut": null,
              "duration": 21344,
              "state": "passed",
              "speed": "slow",
              "pass": true,
              "fail": false,
              "pending": false,
              "context": null,
              "code": "cy.get('[data-index=\"2\"] > :nth-child(1) > .s-widget-container > [data-component-type=\"s-impression-logger\"] > .s-featured-result-item > .s-card-container > :nth-child(1) > :nth-child(1) > .sg-col-8-of-16 > :nth-child(1) > .a-spacing-small > .s-padding-right-small > .a-size-mini > .a-link-normal').invoke('removeAttr', 'target').click();",
              "err": {},
              "uuid": "862be657-f8c1-4656-9806-67dd1329566c",
              "parentUUID": "f3b32753-9d32-4908-a28f-3d6b504c90d0",
              "isHook": false,
              "skipped": false
            },
            {
              "title": "add to cart",
              "fullTitle": "testcase2 add to cart",
              "timedOut": null,
              "duration": 17282,
              "state": "passed",
              "speed": "slow",
              "pass": true,
              "fail": false,
              "pending": false,
              "context": null,
              "code": "cy.get('#add-to-cart-button').click();\ncy.get('.a-button-input').click();",
              "err": {},
              "uuid": "5df8a1c7-e385-43e8-a194-30a9fb10c8d1",
              "parentUUID": "f3b32753-9d32-4908-a28f-3d6b504c90d0",
              "isHook": false,
              "skipped": false
            },
            {
              "title": "go to cart",
              "fullTitle": "testcase2 go to cart",
              "timedOut": null,
              "duration": 7299,
              "state": "passed",
              "speed": "medium",
              "pass": true,
              "fail": false,
              "pending": false,
              "context": null,
              "code": "cy.get(\"#nav-cart\").click();",
              "err": {},
              "uuid": "5379d4d3-fd5c-4347-9b54-e23e5e1b9125",
              "parentUUID": "f3b32753-9d32-4908-a28f-3d6b504c90d0",
              "isHook": false,
              "skipped": false
            }
          ],
          "suites": [],
          "passes": [
            "e5770645-9931-4d8f-bcfd-5231d460d7ca",
            "21cc2e57-446e-4e01-ad41-7ddedf95efec",
            "a9596732-8fde-4ff4-8e74-6031c836c372",
            "862be657-f8c1-4656-9806-67dd1329566c",
            "5df8a1c7-e385-43e8-a194-30a9fb10c8d1",
            "5379d4d3-fd5c-4347-9b54-e23e5e1b9125"
          ],
          "failures": [],
          "pending": [],
          "skipped": [],
          "duration": 88438,
          "root": false,
          "rootEmpty": false,
          "_timeout": 2000
        }
      ],
      "passes": [],
      "failures": [],
      "pending": [],
      "skipped": [],
      "duration": 0,
      "root": true,
      "rootEmpty": true,
      "_timeout": 2000
    }
  ],
  "meta": {
    "mocha": {
      "version": "7.0.1"
    },
    "mochawesome": {
      "options": {
        "quiet": false,
        "reportFilename": "mochawesome",
        "saveHtml": false,
        "saveJson": true,
        "consoleReporter": "spec",
        "useInlineDiffs": false,
        "code": true
      },
      "version": "7.1.3"
    },
    "marge": {
      "options": {
        "charts": true,
        "overwrite": false,
        "html": false,
        "json": true,
        "reportDir": "cypress/reports"
      },
      "version": "6.2.0"
    }
  }
}
